<?xml version="1.0" encoding="UTF-8"?>
<!-- Generated by org.testng.reporters.JUnitXMLReporter -->
<testsuite hostname="SILICUS214" name="ExtentReportListener" tests="1" failures="0" timestamp="7 Nov 2019 13:05:22 GMT" time="9.332" errors="0">
  <testcase name="@AfterMethod tearDown" time="0.0" classname="com.qa.ExtentReport.ExtentReportListener">
    <failure type="java.lang.NullPointerException">
      <![CDATA[java.lang.NullPointerException
	at com.qa.ExtentReport.ExtentReportListener.tearDown(ExtentReportListener.java:104)
... Removed 26 stack frames]]>
    </failure>
  </testcase> <!-- @AfterMethod tearDown -->
  <testcase name="@AfterTest endReport" time="0.0" classname="com.qa.ExtentReport.ExtentReportListener">
    <skipped/>
  </testcase> <!-- @AfterTest endReport -->
  <testcase name="titleTest" time="0.02" classname="com.qa.ExtentReport.ExtentReportListener"/>
</testsuite> <!-- ExtentReportListener -->
